<?xml version="1.0" encoding="UTF-8"?>
<testng-results ignored="0" total="3" passed="3" failed="0" skipped="0">
  <reporter-output>
  </reporter-output>
  <suite started-at="2022-10-30T14:48:17Z" name="Default suite" finished-at="2022-10-30T14:48:38Z" duration-ms="21371">
    <groups>
    </groups>
    <test started-at="2022-10-30T14:48:17Z" name="Default test" finished-at="2022-10-30T14:48:38Z" duration-ms="21371">
      <class name="com.Framework.Test.LoginTest">
        <test-method is-config="true" signature="setUp()[pri:0, instance:com.Framework.Test.LoginTest@7c214cc0]" started-at="2022-10-30T14:48:17Z" name="setUp" finished-at="2022-10-30T14:48:21Z" duration-ms="4635" status="PASS">
          <reporter-output>
          </reporter-output>
        </test-method> <!-- setUp -->
        <test-method signature="loginPageTitleValidation1(java.lang.String, java.lang.String)[pri:1, instance:com.Framework.Test.LoginTest@7c214cc0]" started-at="2022-10-30T14:48:21Z" name="loginPageTitleValidation1" data-provider="LoginData" finished-at="2022-10-30T14:48:27Z" duration-ms="5193" status="PASS">
          <params>
            <param index="0">
              <value>
                <![CDATA[Test@gmail.com]]>
              </value>
            </param>
            <param index="1">
              <value>
                <![CDATA[Test]]>
              </value>
            </param>
          </params>
          <reporter-output>
          </reporter-output>
        </test-method> <!-- loginPageTitleValidation1 -->
        <test-method signature="loginPageTitleValidation1(java.lang.String, java.lang.String)[pri:1, instance:com.Framework.Test.LoginTest@7c214cc0]" started-at="2022-10-30T14:48:27Z" name="loginPageTitleValidation1" data-provider="LoginData" finished-at="2022-10-30T14:48:32Z" duration-ms="5865" status="PASS">
          <params>
            <param index="0">
              <value>
                <![CDATA[Mounika@gmail.com]]>
              </value>
            </param>
            <param index="1">
              <value>
                <![CDATA[Test]]>
              </value>
            </param>
          </params>
          <reporter-output>
          </reporter-output>
        </test-method> <!-- loginPageTitleValidation1 -->
        <test-method signature="loginPageTitleValidation1(java.lang.String, java.lang.String)[pri:1, instance:com.Framework.Test.LoginTest@7c214cc0]" started-at="2022-10-30T14:48:32Z" name="loginPageTitleValidation1" data-provider="LoginData" finished-at="2022-10-30T14:48:38Z" duration-ms="5644" status="PASS">
          <params>
            <param index="0">
              <value>
                <![CDATA[Test123@gmail.com]]>
              </value>
            </param>
            <param index="1">
              <value>
                <![CDATA[test567]]>
              </value>
            </param>
          </params>
          <reporter-output>
          </reporter-output>
        </test-method> <!-- loginPageTitleValidation1 -->
      </class> <!-- com.Framework.Test.LoginTest -->
    </test> <!-- Default test -->
  </suite> <!-- Default suite -->
</testng-results>
