<?xml version="1.0" encoding="UTF-8"?>
<!-- Generated by org.testng.reporters.JUnitXMLReporter -->
<testsuite ignored="0" hostname="INLEN8520043962" failures="0" tests="3" name="Default test" time="21.371" errors="0" timestamp="30 Oct 2022 14:48:38 GMT">
  <testcase classname="com.Framework.Test.LoginTest" name="loginPageTitleValidation1" time="5.193"/>
  <testcase classname="com.Framework.Test.LoginTest" name="loginPageTitleValidation1" time="5.865"/>
  <testcase classname="com.Framework.Test.LoginTest" name="loginPageTitleValidation1" time="5.644"/>
</testsuite> <!-- Default test -->
